<?xml version="1.0" encoding="UTF-8"?>
<testsuite name="BeanLifeCycle.LibraryTest" tests="1" skipped="0" failures="0" errors="0" timestamp="2019-10-09T17:16:56" hostname="PLATOW42L0262" time="0.015">
  <properties/>
  <testcase name="testSomeLibraryMethod" classname="BeanLifeCycle.LibraryTest" time="0.015"/>
  <system-out><![CDATA[]]></system-out>
  <system-err><![CDATA[]]></system-err>
</testsuite>
